<?xml version="1.0" encoding="UTF-8"?>
<testsuite name="com.ceiba.Parking.ParkingApplicationTests" tests="1" skipped="0" failures="0" errors="0" timestamp="2019-07-18T15:21:56" hostname="ROBERT-CARVAJAL" time="0.004">
  <properties/>
  <testcase name="contextLoads" classname="com.ceiba.Parking.ParkingApplicationTests" time="0.004"/>
  <system-out><![CDATA[2019-07-18 10:21:51.728  INFO 15428 --- [    Test worker] .b.t.c.SpringBootTestContextBootstrapper : Neither @ContextConfiguration nor @ContextHierarchy found for test class [com.ceiba.Parking.ParkingApplicationTests], using SpringBootContextLoader
2019-07-18 10:21:51.729  INFO 15428 --- [    Test worker] o.s.t.c.support.AbstractContextLoader    : Could not detect default resource locations for test class [com.ceiba.Parking.ParkingApplicationTests]: no resource found for suffixes {-context.xml, Context.groovy}.
2019-07-18 10:21:51.731  INFO 15428 --- [    Test worker] t.c.s.AnnotationConfigContextLoaderUtils : Could not detect default configuration classes for test class [com.ceiba.Parking.ParkingApplicationTests]: ParkingApplicationTests does not declare any static, non-private, non-final, nested classes annotated with @Configuration.
2019-07-18 10:21:51.741  INFO 15428 --- [    Test worker] .b.t.c.SpringBootTestContextBootstrapper : Found @SpringBootConfiguration com.ceiba.Parking.ParkingApplication for test class com.ceiba.Parking.ParkingApplicationTests
2019-07-18 10:21:51.743  INFO 15428 --- [    Test worker] .b.t.c.SpringBootTestContextBootstrapper : Loaded default TestExecutionListener class names from location [META-INF/spring.factories]: [org.springframework.boot.test.autoconfigure.restdocs.RestDocsTestExecutionListener, org.springframework.boot.test.autoconfigure.web.client.MockRestServiceServerResetTestExecutionListener, org.springframework.boot.test.autoconfigure.web.servlet.MockMvcPrintOnlyOnFailureTestExecutionListener, org.springframework.boot.test.autoconfigure.web.servlet.WebDriverTestExecutionListener, org.springframework.boot.test.mock.mockito.MockitoTestExecutionListener, org.springframework.boot.test.mock.mockito.ResetMocksTestExecutionListener, org.springframework.test.context.web.ServletTestExecutionListener, org.springframework.test.context.support.DirtiesContextBeforeModesTestExecutionListener, org.springframework.test.context.support.DependencyInjectionTestExecutionListener, org.springframework.test.context.support.DirtiesContextTestExecutionListener, org.springframework.test.context.transaction.TransactionalTestExecutionListener, org.springframework.test.context.jdbc.SqlScriptsTestExecutionListener]
2019-07-18 10:21:51.743  INFO 15428 --- [    Test worker] .b.t.c.SpringBootTestContextBootstrapper : Using TestExecutionListeners: [org.springframework.test.context.web.ServletTestExecutionListener@36ce4ac6, org.springframework.test.context.support.DirtiesContextBeforeModesTestExecutionListener@15e31e3e, org.springframework.boot.test.mock.mockito.MockitoTestExecutionListener@5690317f, org.springframework.boot.test.autoconfigure.SpringBootDependencyInjectionTestExecutionListener@8e55029, org.springframework.test.context.support.DirtiesContextTestExecutionListener@4c39b389, org.springframework.test.context.transaction.TransactionalTestExecutionListener@41a646de, org.springframework.test.context.jdbc.SqlScriptsTestExecutionListener@16ea8c5c, org.springframework.boot.test.autoconfigure.restdocs.RestDocsTestExecutionListener@34ace2b0, org.springframework.boot.test.autoconfigure.web.client.MockRestServiceServerResetTestExecutionListener@3588aa57, org.springframework.boot.test.autoconfigure.web.servlet.MockMvcPrintOnlyOnFailureTestExecutionListener@46eb8a8e, org.springframework.boot.test.autoconfigure.web.servlet.WebDriverTestExecutionListener@4a17663, org.springframework.boot.test.mock.mockito.ResetMocksTestExecutionListener@57cbad25]

  .   ____          _            __ _ _
 /\\ / ___'_ __ _ _(_)_ __  __ _ \ \ \ \
( ( )\___ | '_ | '_| | '_ \/ _` | \ \ \ \
 \\/  ___)| |_)| | | | | || (_| |  ) ) ) )
  '  |____| .__|_| |_|_| |_\__, | / / / /
 =========|_|==============|___/=/_/_/_/
 :: Spring Boot ::        (v2.1.6.RELEASE)

2019-07-18 10:21:51.801  INFO 15428 --- [    Test worker] c.ceiba.Parking.ParkingApplicationTests  : Starting ParkingApplicationTests on ROBERT-CARVAJAL with PID 15428 (started by robert.carvajal in C:\Users\robert.carvajal\Documents\Robert\Parking)
2019-07-18 10:21:51.803  INFO 15428 --- [    Test worker] c.ceiba.Parking.ParkingApplicationTests  : No active profile set, falling back to default profiles: default
2019-07-18 10:21:53.119  INFO 15428 --- [    Test worker] .s.d.r.c.RepositoryConfigurationDelegate : Bootstrapping Spring Data repositories in DEFAULT mode.
2019-07-18 10:21:53.250  INFO 15428 --- [    Test worker] .s.d.r.c.RepositoryConfigurationDelegate : Finished Spring Data repository scanning in 129ms. Found 3 repository interfaces.
2019-07-18 10:21:53.574  INFO 15428 --- [    Test worker] trationDelegate$BeanPostProcessorChecker : Bean 'org.springframework.transaction.annotation.ProxyTransactionManagementConfiguration' of type [org.springframework.transaction.annotation.ProxyTransactionManagementConfiguration$$EnhancerBySpringCGLIB$$1d288aee] is not eligible for getting processed by all BeanPostProcessors (for example: not eligible for auto-proxying)
2019-07-18 10:21:53.858  INFO 15428 --- [    Test worker] com.zaxxer.hikari.HikariDataSource       : HikariPool-2 - Starting...
2019-07-18 10:21:53.860  INFO 15428 --- [    Test worker] com.zaxxer.hikari.HikariDataSource       : HikariPool-2 - Start completed.
2019-07-18 10:21:53.944  INFO 15428 --- [    Test worker] o.hibernate.jpa.internal.util.LogHelper  : HHH000204: Processing PersistenceUnitInfo [
	name: default
	...]
2019-07-18 10:21:53.972  INFO 15428 --- [    Test worker] org.hibernate.dialect.Dialect            : HHH000400: Using dialect: org.hibernate.dialect.H2Dialect
Hibernate: drop table factura if exists
Hibernate: drop table tipo_vehiculo if exists
Hibernate: drop table vehiculo if exists
Hibernate: drop table vehiculos_activos if exists
Hibernate: drop sequence if exists hibernate_sequence
Hibernate: create sequence hibernate_sequence start with 1 increment by 1
Hibernate: create table factura (id_factura bigint generated by default as identity, estado boolean, fecha_ingreso timestamp not null, fecha_salida timestamp, valor_total float, id_vehiculo bigint not null, primary key (id_factura))
Hibernate: create table tipo_vehiculo (tipo_vehiculo_id bigint generated by default as identity, descripcion varchar(255) not null, primary key (tipo_vehiculo_id))
Hibernate: create table vehiculo (id_vehiculo bigint not null, cilindraje integer not null, fecha_creacion timestamp, placa varchar(255) not null, tipo_vehiculo_id bigint not null, primary key (id_vehiculo))
Hibernate: create table vehiculos_activos (id bigint generated by default as identity, descripcion varchar(255) not null, fecha_ingreso varchar(255) not null, placa varchar(255) not null, primary key (id))
Hibernate: alter table factura add constraint FKsq7nl7sg0nftm8k40ncdhrarm foreign key (id_vehiculo) references vehiculo
Hibernate: alter table vehiculo add constraint FK8si429jg12xpnu65gsn2a1r44 foreign key (tipo_vehiculo_id) references tipo_vehiculo
2019-07-18 10:21:54.159  INFO 15428 --- [    Test worker] o.h.t.schema.internal.SchemaCreatorImpl  : HHH000476: Executing import script 'ScriptSourceInputFromUrl(file:/C:/Users/robert.carvajal/Documents/Robert/Parking/build/resources/main/import.sql)'
Hibernate: INSERT INTO TIPO_VEHICULO(TIPO_VEHICULO_ID, DESCRIPCION)VALUES(1, 'CARRO')
Hibernate: INSERT INTO TIPO_VEHICULO(TIPO_VEHICULO_ID, DESCRIPCION)VALUES(2, 'MOTO')
2019-07-18 10:21:54.163  INFO 15428 --- [    Test worker] j.LocalContainerEntityManagerFactoryBean : Initialized JPA EntityManagerFactory for persistence unit 'default'
2019-07-18 10:21:54.444  INFO 15428 --- [    Test worker] o.h.h.i.QueryTranslatorFactoryInitiator  : HHH000397: Using ASTQueryTranslatorFactory
2019-07-18 10:21:55.493  INFO 15428 --- [    Test worker] o.s.s.concurrent.ThreadPoolTaskExecutor  : Initializing ExecutorService 'applicationTaskExecutor'
2019-07-18 10:21:55.571  WARN 15428 --- [    Test worker] aWebConfiguration$JpaWebMvcConfiguration : spring.jpa.open-in-view is enabled by default. Therefore, database queries may be performed during view rendering. Explicitly configure spring.jpa.open-in-view to disable this warning
2019-07-18 10:21:56.903  INFO 15428 --- [    Test worker] c.ceiba.Parking.ParkingApplicationTests  : Started ParkingApplicationTests in 5.155 seconds (JVM running for 27.831)
]]></system-out>
  <system-err><![CDATA[]]></system-err>
</testsuite>
