<?xml version="1.0" encoding="UTF-8"?>
<testsuite name="com.ceiba.parking.integracion.VehiculoControladorTest" tests="3" skipped="0" failures="0" errors="0" timestamp="2019-07-19T04:55:16" hostname="ROBERT-CARVAJAL" time="1.001">
  <properties/>
  <testcase name="generarFacturaVehiculo" classname="com.ceiba.parking.integracion.VehiculoControladorTest" time="0.892"/>
  <testcase name="registroVehiculoTest" classname="com.ceiba.parking.integracion.VehiculoControladorTest" time="0.029"/>
  <testcase name="obtenerVehiculosActivosTest" classname="com.ceiba.parking.integracion.VehiculoControladorTest" time="0.078"/>
  <system-out><![CDATA[23:55:05.181 [Test worker] DEBUG org.springframework.test.context.junit4.SpringJUnit4ClassRunner - SpringJUnit4ClassRunner constructor called with [class com.ceiba.parking.integracion.VehiculoControladorTest]
23:55:05.204 [Test worker] DEBUG org.springframework.test.context.BootstrapUtils - Instantiating CacheAwareContextLoaderDelegate from class [org.springframework.test.context.cache.DefaultCacheAwareContextLoaderDelegate]
23:55:05.235 [Test worker] DEBUG org.springframework.test.context.BootstrapUtils - Instantiating BootstrapContext using constructor [public org.springframework.test.context.support.DefaultBootstrapContext(java.lang.Class,org.springframework.test.context.CacheAwareContextLoaderDelegate)]
23:55:05.304 [Test worker] DEBUG org.springframework.test.context.BootstrapUtils - Instantiating TestContextBootstrapper for test class [com.ceiba.parking.integracion.VehiculoControladorTest] from class [org.springframework.boot.test.context.SpringBootTestContextBootstrapper]
23:55:05.330 [Test worker] INFO org.springframework.boot.test.context.SpringBootTestContextBootstrapper - Neither @ContextConfiguration nor @ContextHierarchy found for test class [com.ceiba.parking.integracion.VehiculoControladorTest], using SpringBootContextLoader
23:55:05.340 [Test worker] DEBUG org.springframework.test.context.support.AbstractContextLoader - Did not detect default resource location for test class [com.ceiba.parking.integracion.VehiculoControladorTest]: class path resource [com/ceiba/parking/integracion/VehiculoControladorTest-context.xml] does not exist
23:55:05.341 [Test worker] DEBUG org.springframework.test.context.support.AbstractContextLoader - Did not detect default resource location for test class [com.ceiba.parking.integracion.VehiculoControladorTest]: class path resource [com/ceiba/parking/integracion/VehiculoControladorTestContext.groovy] does not exist
23:55:05.342 [Test worker] INFO org.springframework.test.context.support.AbstractContextLoader - Could not detect default resource locations for test class [com.ceiba.parking.integracion.VehiculoControladorTest]: no resource found for suffixes {-context.xml, Context.groovy}.
23:55:05.606 [Test worker] DEBUG org.springframework.test.context.support.ActiveProfilesUtils - Could not find an 'annotation declaring class' for annotation type [org.springframework.test.context.ActiveProfiles] and class [com.ceiba.parking.integracion.VehiculoControladorTest]
23:55:05.959 [Test worker] DEBUG org.springframework.boot.test.context.SpringBootTestContextBootstrapper - @TestExecutionListeners is not present for class [com.ceiba.parking.integracion.VehiculoControladorTest]: using defaults.
23:55:05.960 [Test worker] INFO org.springframework.boot.test.context.SpringBootTestContextBootstrapper - Loaded default TestExecutionListener class names from location [META-INF/spring.factories]: [org.springframework.boot.test.autoconfigure.restdocs.RestDocsTestExecutionListener, org.springframework.boot.test.autoconfigure.web.client.MockRestServiceServerResetTestExecutionListener, org.springframework.boot.test.autoconfigure.web.servlet.MockMvcPrintOnlyOnFailureTestExecutionListener, org.springframework.boot.test.autoconfigure.web.servlet.WebDriverTestExecutionListener, org.springframework.boot.test.mock.mockito.MockitoTestExecutionListener, org.springframework.boot.test.mock.mockito.ResetMocksTestExecutionListener, org.springframework.test.context.web.ServletTestExecutionListener, org.springframework.test.context.support.DirtiesContextBeforeModesTestExecutionListener, org.springframework.test.context.support.DependencyInjectionTestExecutionListener, org.springframework.test.context.support.DirtiesContextTestExecutionListener, org.springframework.test.context.transaction.TransactionalTestExecutionListener, org.springframework.test.context.jdbc.SqlScriptsTestExecutionListener]
23:55:06.023 [Test worker] INFO org.springframework.boot.test.context.SpringBootTestContextBootstrapper - Using TestExecutionListeners: [org.springframework.test.context.web.ServletTestExecutionListener@63d77f74, org.springframework.test.context.support.DirtiesContextBeforeModesTestExecutionListener@185f4163, org.springframework.boot.test.mock.mockito.MockitoTestExecutionListener@1d0afdf8, org.springframework.boot.test.autoconfigure.SpringBootDependencyInjectionTestExecutionListener@532b4699, org.springframework.test.context.support.DirtiesContextTestExecutionListener@bdfbf57, org.springframework.test.context.transaction.TransactionalTestExecutionListener@69e9a316, org.springframework.test.context.jdbc.SqlScriptsTestExecutionListener@23c666ee, org.springframework.boot.test.autoconfigure.restdocs.RestDocsTestExecutionListener@2ad0f381, org.springframework.boot.test.autoconfigure.web.client.MockRestServiceServerResetTestExecutionListener@5c83d48b, org.springframework.boot.test.autoconfigure.web.servlet.MockMvcPrintOnlyOnFailureTestExecutionListener@78d63d1e, org.springframework.boot.test.autoconfigure.web.servlet.WebDriverTestExecutionListener@6837c5fc, org.springframework.boot.test.mock.mockito.ResetMocksTestExecutionListener@45d66f80]
23:55:06.033 [Test worker] DEBUG org.springframework.test.annotation.ProfileValueUtils - Retrieved @ProfileValueSourceConfiguration [null] for test class [com.ceiba.parking.integracion.VehiculoControladorTest]
23:55:06.034 [Test worker] DEBUG org.springframework.test.annotation.ProfileValueUtils - Retrieved ProfileValueSource type [class org.springframework.test.annotation.SystemProfileValueSource] for class [com.ceiba.parking.integracion.VehiculoControladorTest]
23:55:06.036 [Test worker] DEBUG org.springframework.test.annotation.ProfileValueUtils - Retrieved @ProfileValueSourceConfiguration [null] for test class [com.ceiba.parking.integracion.VehiculoControladorTest]
23:55:06.045 [Test worker] DEBUG org.springframework.test.annotation.ProfileValueUtils - Retrieved ProfileValueSource type [class org.springframework.test.annotation.SystemProfileValueSource] for class [com.ceiba.parking.integracion.VehiculoControladorTest]
23:55:06.060 [Test worker] DEBUG org.springframework.test.context.support.AbstractDirtiesContextTestExecutionListener - Before test class: context [DefaultTestContext@1a13f9e7 testClass = VehiculoControladorTest, testInstance = [null], testMethod = [null], testException = [null], mergedContextConfiguration = [WebMergedContextConfiguration@270a3495 testClass = VehiculoControladorTest, locations = '{}', classes = '{class com.ceiba.parking.ParkingApplication, class com.ceiba.parking.ParkingApplication}', contextInitializerClasses = '[]', activeProfiles = '{}', propertySourceLocations = '{}', propertySourceProperties = '{org.springframework.boot.test.context.SpringBootTestContextBootstrapper=true}', contextCustomizers = set[org.springframework.boot.test.autoconfigure.properties.PropertyMappingContextCustomizer@e7e8512, org.springframework.boot.test.autoconfigure.web.servlet.WebDriverContextCustomizerFactory$Customizer@572b6bb4, [ImportsContextCustomizer@60676fdf key = [org.springframework.boot.test.autoconfigure.web.servlet.MockMvcAutoConfiguration, org.springframework.boot.test.autoconfigure.web.servlet.MockMvcSecurityAutoConfiguration, org.springframework.boot.test.autoconfigure.web.servlet.MockMvcWebClientAutoConfiguration, org.springframework.boot.test.autoconfigure.web.servlet.MockMvcWebDriverAutoConfiguration]], org.springframework.boot.test.context.filter.ExcludeFilterContextCustomizer@514015c0, org.springframework.boot.test.json.DuplicateJsonObjectContextCustomizerFactory$DuplicateJsonObjectContextCustomizer@5b04a64b, org.springframework.boot.test.mock.mockito.MockitoContextCustomizer@0, org.springframework.boot.test.web.client.TestRestTemplateContextCustomizer@73f0a260], resourceBasePath = 'src/main/webapp', contextLoader = 'org.springframework.boot.test.context.SpringBootContextLoader', parent = [null]], attributes = map['org.springframework.test.context.web.ServletTestExecutionListener.activateListener' -> true]], class annotated with @DirtiesContext [false] with mode [null].
23:55:06.063 [Test worker] DEBUG org.springframework.test.annotation.ProfileValueUtils - Retrieved @ProfileValueSourceConfiguration [null] for test class [com.ceiba.parking.integracion.VehiculoControladorTest]
23:55:06.064 [Test worker] DEBUG org.springframework.test.annotation.ProfileValueUtils - Retrieved ProfileValueSource type [class org.springframework.test.annotation.SystemProfileValueSource] for class [com.ceiba.parking.integracion.VehiculoControladorTest]
23:55:06.172 [Test worker] DEBUG org.springframework.test.context.support.TestPropertySourceUtils - Adding inlined properties to environment: {spring.jmx.enabled=false, org.springframework.boot.test.context.SpringBootTestContextBootstrapper=true, server.port=-1}

  .   ____          _            __ _ _
 /\\ / ___'_ __ _ _(_)_ __  __ _ \ \ \ \
( ( )\___ | '_ | '_| | '_ \/ _` | \ \ \ \
 \\/  ___)| |_)| | | | | || (_| |  ) ) ) )
  '  |____| .__|_| |_|_| |_\__, | / / / /
 =========|_|==============|___/=/_/_/_/
 :: Spring Boot ::        (v2.1.6.RELEASE)

2019-07-18 23:55:06.889  INFO 6976 --- [    Test worker] c.c.p.i.VehiculoControladorTest          : Starting VehiculoControladorTest on ROBERT-CARVAJAL with PID 6976 (started by robert.carvajal in C:\Users\robert.carvajal\Documents\Robert\parking)
2019-07-18 23:55:06.892  INFO 6976 --- [    Test worker] c.c.p.i.VehiculoControladorTest          : No active profile set, falling back to default profiles: default
2019-07-18 23:55:08.781  INFO 6976 --- [    Test worker] .s.d.r.c.RepositoryConfigurationDelegate : Bootstrapping Spring Data repositories in DEFAULT mode.
2019-07-18 23:55:09.002  INFO 6976 --- [    Test worker] .s.d.r.c.RepositoryConfigurationDelegate : Finished Spring Data repository scanning in 201ms. Found 3 repository interfaces.
2019-07-18 23:55:10.028  INFO 6976 --- [    Test worker] trationDelegate$BeanPostProcessorChecker : Bean 'org.springframework.transaction.annotation.ProxyTransactionManagementConfiguration' of type [org.springframework.transaction.annotation.ProxyTransactionManagementConfiguration$$EnhancerBySpringCGLIB$$66bafc3d] is not eligible for getting processed by all BeanPostProcessors (for example: not eligible for auto-proxying)
2019-07-18 23:55:10.455  INFO 6976 --- [    Test worker] com.zaxxer.hikari.HikariDataSource       : HikariPool-1 - Starting...
2019-07-18 23:55:11.028  INFO 6976 --- [    Test worker] com.zaxxer.hikari.HikariDataSource       : HikariPool-1 - Start completed.
2019-07-18 23:55:11.209  INFO 6976 --- [    Test worker] o.hibernate.jpa.internal.util.LogHelper  : HHH000204: Processing PersistenceUnitInfo [
	name: default
	...]
2019-07-18 23:55:11.389  INFO 6976 --- [    Test worker] org.hibernate.Version                    : HHH000412: Hibernate Core {5.3.10.Final}
2019-07-18 23:55:11.391  INFO 6976 --- [    Test worker] org.hibernate.cfg.Environment            : HHH000206: hibernate.properties not found
2019-07-18 23:55:11.668  INFO 6976 --- [    Test worker] o.hibernate.annotations.common.Version   : HCANN000001: Hibernate Commons Annotations {5.0.4.Final}
2019-07-18 23:55:12.056  INFO 6976 --- [    Test worker] org.hibernate.dialect.Dialect            : HHH000400: Using dialect: org.hibernate.dialect.H2Dialect
Hibernate: drop table factura if exists
Hibernate: drop table tipo_vehiculo if exists
Hibernate: drop table vehiculo if exists
Hibernate: drop table vehiculos_activos if exists
Hibernate: drop sequence if exists hibernate_sequence
Hibernate: create sequence hibernate_sequence start with 1 increment by 1
Hibernate: create table factura (id_factura bigint generated by default as identity, estado boolean, fecha_ingreso timestamp not null, fecha_salida timestamp, valor_total float, id_vehiculo bigint not null, primary key (id_factura))
Hibernate: create table tipo_vehiculo (tipo_vehiculo_id bigint generated by default as identity, descripcion varchar(255) not null, primary key (tipo_vehiculo_id))
Hibernate: create table vehiculo (id_vehiculo bigint not null, cilindraje integer not null, fecha_creacion timestamp, placa varchar(255) not null, tipo_vehiculo_id bigint not null, primary key (id_vehiculo))
Hibernate: create table vehiculos_activos (id bigint generated by default as identity, descripcion varchar(255) not null, fecha_ingreso varchar(255) not null, placa varchar(255) not null, primary key (id))
Hibernate: alter table factura add constraint FKsq7nl7sg0nftm8k40ncdhrarm foreign key (id_vehiculo) references vehiculo
Hibernate: alter table vehiculo add constraint FK8si429jg12xpnu65gsn2a1r44 foreign key (tipo_vehiculo_id) references tipo_vehiculo
2019-07-18 23:55:13.735  INFO 6976 --- [    Test worker] o.h.t.schema.internal.SchemaCreatorImpl  : HHH000476: Executing import script 'ScriptSourceInputFromUrl(file:/C:/Users/robert.carvajal/Documents/Robert/parking/build/resources/main/import.sql)'
Hibernate: INSERT INTO TIPO_VEHICULO(TIPO_VEHICULO_ID, DESCRIPCION)VALUES(1, 'CARRO')
Hibernate: INSERT INTO TIPO_VEHICULO(TIPO_VEHICULO_ID, DESCRIPCION)VALUES(2, 'MOTO')
2019-07-18 23:55:13.743  INFO 6976 --- [    Test worker] j.LocalContainerEntityManagerFactoryBean : Initialized JPA EntityManagerFactory for persistence unit 'default'
2019-07-18 23:55:14.536  INFO 6976 --- [    Test worker] o.h.h.i.QueryTranslatorFactoryInitiator  : HHH000397: Using ASTQueryTranslatorFactory
2019-07-18 23:55:15.987  INFO 6976 --- [    Test worker] o.s.s.concurrent.ThreadPoolTaskExecutor  : Initializing ExecutorService 'applicationTaskExecutor'
2019-07-18 23:55:16.126  WARN 6976 --- [    Test worker] aWebConfiguration$JpaWebMvcConfiguration : spring.jpa.open-in-view is enabled by default. Therefore, database queries may be performed during view rendering. Explicitly configure spring.jpa.open-in-view to disable this warning
2019-07-18 23:55:16.845  INFO 6976 --- [    Test worker] o.s.b.t.m.w.SpringBootMockServletContext : Initializing Spring TestDispatcherServlet ''
2019-07-18 23:55:16.845  INFO 6976 --- [    Test worker] o.s.t.web.servlet.TestDispatcherServlet  : Initializing Servlet ''
2019-07-18 23:55:16.871  INFO 6976 --- [    Test worker] o.s.t.web.servlet.TestDispatcherServlet  : Completed initialization in 25 ms
2019-07-18 23:55:16.916  INFO 6976 --- [    Test worker] c.c.p.i.VehiculoControladorTest          : Started VehiculoControladorTest in 10.718 seconds (JVM running for 13.466)
2019-07-18 23:55:17.040  INFO 6976 --- [    Test worker] o.s.b.t.m.w.SpringBootMockServletContext : Initializing Spring TestDispatcherServlet ''
2019-07-18 23:55:17.041  INFO 6976 --- [    Test worker] o.s.t.web.servlet.TestDispatcherServlet  : Initializing Servlet ''
2019-07-18 23:55:17.046  INFO 6976 --- [    Test worker] o.s.t.web.servlet.TestDispatcherServlet  : Completed initialization in 5 ms
Hibernate: select vehiculoen0_.id_vehiculo as id_vehic1_2_, vehiculoen0_.cilindraje as cilindra2_2_, vehiculoen0_.fecha_creacion as fecha_cr3_2_, vehiculoen0_.placa as placa4_2_, vehiculoen0_.tipo_vehiculo_id as tipo_veh5_2_ from vehiculo vehiculoen0_ where vehiculoen0_.tipo_vehiculo_id=?
Hibernate: select vehiculoen0_.id_vehiculo as id_vehic1_2_, vehiculoen0_.cilindraje as cilindra2_2_, vehiculoen0_.fecha_creacion as fecha_cr3_2_, vehiculoen0_.placa as placa4_2_, vehiculoen0_.tipo_vehiculo_id as tipo_veh5_2_ from vehiculo vehiculoen0_ where vehiculoen0_.placa=?
Hibernate: select tipovehicu0_.tipo_vehiculo_id as tipo_veh1_1_, tipovehicu0_.descripcion as descripc2_1_ from tipo_vehiculo tipovehicu0_ where upper(tipovehicu0_.descripcion)=upper(?)
Hibernate: select vehiculoen0_.id_vehiculo as id_vehic1_2_0_, vehiculoen0_.cilindraje as cilindra2_2_0_, vehiculoen0_.fecha_creacion as fecha_cr3_2_0_, vehiculoen0_.placa as placa4_2_0_, vehiculoen0_.tipo_vehiculo_id as tipo_veh5_2_0_ from vehiculo vehiculoen0_ where vehiculoen0_.id_vehiculo=?
Hibernate: call next value for hibernate_sequence
Hibernate: insert into vehiculo (cilindraje, fecha_creacion, placa, tipo_vehiculo_id, id_vehiculo) values (?, ?, ?, ?, ?)
Hibernate: insert into factura (id_factura, estado, fecha_ingreso, fecha_salida, valor_total, id_vehiculo) values (null, ?, ?, ?, ?, ?)
Hibernate: select vehiculoen0_.id_vehiculo as id_vehic1_2_, vehiculoen0_.cilindraje as cilindra2_2_, vehiculoen0_.fecha_creacion as fecha_cr3_2_, vehiculoen0_.placa as placa4_2_, vehiculoen0_.tipo_vehiculo_id as tipo_veh5_2_ from vehiculo vehiculoen0_ where vehiculoen0_.placa=?
Hibernate: select tipovehicu0_.tipo_vehiculo_id as tipo_veh1_1_0_, tipovehicu0_.descripcion as descripc2_1_0_ from tipo_vehiculo tipovehicu0_ where tipovehicu0_.tipo_vehiculo_id=?
Hibernate: select facturaent0_.id_factura as id_factu1_0_, facturaent0_.estado as estado2_0_, facturaent0_.fecha_ingreso as fecha_in3_0_, facturaent0_.fecha_salida as fecha_sa4_0_, facturaent0_.valor_total as valor_to5_0_, facturaent0_.id_vehiculo as id_vehic6_0_ from factura facturaent0_ where facturaent0_.id_vehiculo=? and facturaent0_.estado=?
Hibernate: update factura set fecha_salida=?, valor_total=?, estado=? where id_factura=?
2019-07-18 23:55:17.854  INFO 6976 --- [    Test worker] o.s.b.t.m.w.SpringBootMockServletContext : Initializing Spring TestDispatcherServlet ''
2019-07-18 23:55:17.854  INFO 6976 --- [    Test worker] o.s.t.web.servlet.TestDispatcherServlet  : Initializing Servlet ''
2019-07-18 23:55:17.857  INFO 6976 --- [    Test worker] o.s.t.web.servlet.TestDispatcherServlet  : Completed initialization in 3 ms
Hibernate: select vehiculoen0_.id_vehiculo as id_vehic1_2_, vehiculoen0_.cilindraje as cilindra2_2_, vehiculoen0_.fecha_creacion as fecha_cr3_2_, vehiculoen0_.placa as placa4_2_, vehiculoen0_.tipo_vehiculo_id as tipo_veh5_2_ from vehiculo vehiculoen0_ where vehiculoen0_.tipo_vehiculo_id=?
Hibernate: select tipovehicu0_.tipo_vehiculo_id as tipo_veh1_1_0_, tipovehicu0_.descripcion as descripc2_1_0_ from tipo_vehiculo tipovehicu0_ where tipovehicu0_.tipo_vehiculo_id=?
Hibernate: select vehiculoen0_.id_vehiculo as id_vehic1_2_, vehiculoen0_.cilindraje as cilindra2_2_, vehiculoen0_.fecha_creacion as fecha_cr3_2_, vehiculoen0_.placa as placa4_2_, vehiculoen0_.tipo_vehiculo_id as tipo_veh5_2_ from vehiculo vehiculoen0_ where vehiculoen0_.placa=?
Hibernate: select facturaent0_.id_factura as id_factu1_0_, facturaent0_.estado as estado2_0_, facturaent0_.fecha_ingreso as fecha_in3_0_, facturaent0_.fecha_salida as fecha_sa4_0_, facturaent0_.valor_total as valor_to5_0_, facturaent0_.id_vehiculo as id_vehic6_0_ from factura facturaent0_ where facturaent0_.id_vehiculo=? and facturaent0_.estado=?
Hibernate: insert into factura (id_factura, estado, fecha_ingreso, fecha_salida, valor_total, id_vehiculo) values (null, ?, ?, ?, ?, ?)
2019-07-18 23:55:17.881  INFO 6976 --- [    Test worker] o.s.b.t.m.w.SpringBootMockServletContext : Initializing Spring TestDispatcherServlet ''
2019-07-18 23:55:17.882  INFO 6976 --- [    Test worker] o.s.t.web.servlet.TestDispatcherServlet  : Initializing Servlet ''
2019-07-18 23:55:17.885  INFO 6976 --- [    Test worker] o.s.t.web.servlet.TestDispatcherServlet  : Completed initialization in 3 ms
Hibernate: SELECT  v.placa as placa,to_char(f.fecha_Ingreso) as fechaIngreso, t.descripcion as descripcion  FROM vehiculo v, factura f, tipo_Vehiculo t where f.id_vehiculo = v.id_vehiculo and t.tipo_vehiculo_id = v.tipo_vehiculo_id and f.estado = TRUE
]]></system-out>
  <system-err><![CDATA[]]></system-err>
</testsuite>
