<?xml version="1.0" encoding="UTF-8"?>
<testsuite name="com.ceiba.Parking.unitarias.ParqueaderoTest" tests="6" skipped="0" failures="0" errors="0" timestamp="2019-07-17T20:02:31" hostname="ROBERT-CARVAJAL" time="0.43">
  <properties/>
  <testcase name="obtenerCantidadDeVehiculosPorTipo" classname="com.ceiba.Parking.unitarias.ParqueaderoTest" time="0.246"/>
  <testcase name="registroVehiculoExitoso" classname="com.ceiba.Parking.unitarias.ParqueaderoTest" time="0.132"/>
  <testcase name="validarCantidadDeCuposPorTipoDeVehiculoRetornaExcepcion" classname="com.ceiba.Parking.unitarias.ParqueaderoTest" time="0.001"/>
  <testcase name="obtenerTipoDeVehiculoPorDescripcionRetornaNulo" classname="com.ceiba.Parking.unitarias.ParqueaderoTest" time="0.048"/>
  <testcase name="validaSiExisteElTipoDeVehiculoIngresadoRetornaNull" classname="com.ceiba.Parking.unitarias.ParqueaderoTest" time="0.0"/>
  <testcase name="crearVehiculo" classname="com.ceiba.Parking.unitarias.ParqueaderoTest" time="0.001"/>
  <system-out><![CDATA[]]></system-out>
  <system-err><![CDATA[]]></system-err>
</testsuite>
