<?xml version="1.0" encoding="UTF-8"?>
<testsuite name="com.ceiba.Parking.unitarias.ParqueaderoTest" tests="6" skipped="0" failures="0" errors="0" timestamp="2019-07-16T06:32:03" hostname="ROBERT-CARVAJAL" time="0.228">
  <properties/>
  <testcase name="obtenerCantidadDeVehiculosPorTipo" classname="com.ceiba.Parking.unitarias.ParqueaderoTest" time="0.15"/>
  <testcase name="registroVehiculoExitoso" classname="com.ceiba.Parking.unitarias.ParqueaderoTest" time="0.051"/>
  <testcase name="validarCantidadDeCuposPorTipoDeVehiculoRetornaExcepcion" classname="com.ceiba.Parking.unitarias.ParqueaderoTest" time="0.001"/>
  <testcase name="obtenerTipoDeVehiculoPorDescripcionRetornaNulo" classname="com.ceiba.Parking.unitarias.ParqueaderoTest" time="0.025"/>
  <testcase name="validaSiExisteElTipoDeVehiculoIngresadoRetornaNull" classname="com.ceiba.Parking.unitarias.ParqueaderoTest" time="0.001"/>
  <testcase name="crearVehiculo" classname="com.ceiba.Parking.unitarias.ParqueaderoTest" time="0.0"/>
  <system-out><![CDATA[]]></system-out>
  <system-err><![CDATA[]]></system-err>
</testsuite>
