<?xml version="1.0" encoding="UTF-8"?>
<testsuite name="com.ceiba.Parking.unitarias.ParqueaderoTest" tests="6" skipped="0" failures="0" errors="0" timestamp="2019-07-18T15:21:56" hostname="ROBERT-CARVAJAL" time="0.684">
  <properties/>
  <testcase name="obtenerCantidadDeVehiculosPorTipo" classname="com.ceiba.Parking.unitarias.ParqueaderoTest" time="0.36"/>
  <testcase name="registroVehiculoExitoso" classname="com.ceiba.Parking.unitarias.ParqueaderoTest" time="0.239"/>
  <testcase name="validarCantidadDeCuposPorTipoDeVehiculoRetornaExcepcion" classname="com.ceiba.Parking.unitarias.ParqueaderoTest" time="0.001"/>
  <testcase name="obtenerTipoDeVehiculoPorDescripcionRetornaNulo" classname="com.ceiba.Parking.unitarias.ParqueaderoTest" time="0.08"/>
  <testcase name="validaSiExisteElTipoDeVehiculoIngresadoRetornaNull" classname="com.ceiba.Parking.unitarias.ParqueaderoTest" time="0.0"/>
  <testcase name="crearVehiculo" classname="com.ceiba.Parking.unitarias.ParqueaderoTest" time="0.0"/>
  <system-out><![CDATA[]]></system-out>
  <system-err><![CDATA[]]></system-err>
</testsuite>
