<?xml version="1.0" encoding="UTF-8"?>
<testsuite name="com.ceiba.Parking.ParkingApplicationTests" tests="1" skipped="0" failures="0" errors="0" timestamp="2019-07-16T06:32:03" hostname="ROBERT-CARVAJAL" time="0.006">
  <properties/>
  <testcase name="contextLoads" classname="com.ceiba.Parking.ParkingApplicationTests" time="0.006"/>
  <system-out><![CDATA[2019-07-16 01:32:01.394  INFO 10928 --- [    Test worker] .b.t.c.SpringBootTestContextBootstrapper : Neither @ContextConfiguration nor @ContextHierarchy found for test class [com.ceiba.Parking.ParkingApplicationTests], using SpringBootContextLoader
2019-07-16 01:32:01.400  INFO 10928 --- [    Test worker] o.s.t.c.support.AbstractContextLoader    : Could not detect default resource locations for test class [com.ceiba.Parking.ParkingApplicationTests]: no resource found for suffixes {-context.xml, Context.groovy}.
2019-07-16 01:32:01.402  INFO 10928 --- [    Test worker] t.c.s.AnnotationConfigContextLoaderUtils : Could not detect default configuration classes for test class [com.ceiba.Parking.ParkingApplicationTests]: ParkingApplicationTests does not declare any static, non-private, non-final, nested classes annotated with @Configuration.
2019-07-16 01:32:01.416  INFO 10928 --- [    Test worker] .b.t.c.SpringBootTestContextBootstrapper : Found @SpringBootConfiguration com.ceiba.Parking.ParkingApplication for test class com.ceiba.Parking.ParkingApplicationTests
2019-07-16 01:32:01.419  INFO 10928 --- [    Test worker] .b.t.c.SpringBootTestContextBootstrapper : Loaded default TestExecutionListener class names from location [META-INF/spring.factories]: [org.springframework.boot.test.autoconfigure.restdocs.RestDocsTestExecutionListener, org.springframework.boot.test.autoconfigure.web.client.MockRestServiceServerResetTestExecutionListener, org.springframework.boot.test.autoconfigure.web.servlet.MockMvcPrintOnlyOnFailureTestExecutionListener, org.springframework.boot.test.autoconfigure.web.servlet.WebDriverTestExecutionListener, org.springframework.boot.test.mock.mockito.MockitoTestExecutionListener, org.springframework.boot.test.mock.mockito.ResetMocksTestExecutionListener, org.springframework.test.context.web.ServletTestExecutionListener, org.springframework.test.context.support.DirtiesContextBeforeModesTestExecutionListener, org.springframework.test.context.support.DependencyInjectionTestExecutionListener, org.springframework.test.context.support.DirtiesContextTestExecutionListener, org.springframework.test.context.transaction.TransactionalTestExecutionListener, org.springframework.test.context.jdbc.SqlScriptsTestExecutionListener]
2019-07-16 01:32:01.420  INFO 10928 --- [    Test worker] .b.t.c.SpringBootTestContextBootstrapper : Using TestExecutionListeners: [org.springframework.test.context.web.ServletTestExecutionListener@33930209, org.springframework.test.context.support.DirtiesContextBeforeModesTestExecutionListener@2436f25, org.springframework.boot.test.mock.mockito.MockitoTestExecutionListener@db291d2, org.springframework.boot.test.autoconfigure.SpringBootDependencyInjectionTestExecutionListener@352ea91b, org.springframework.test.context.support.DirtiesContextTestExecutionListener@1e0666fd, org.springframework.test.context.transaction.TransactionalTestExecutionListener@7a5085f, org.springframework.test.context.jdbc.SqlScriptsTestExecutionListener@1e803578, org.springframework.boot.test.autoconfigure.restdocs.RestDocsTestExecutionListener@5ea621c2, org.springframework.boot.test.autoconfigure.web.client.MockRestServiceServerResetTestExecutionListener@733a9565, org.springframework.boot.test.autoconfigure.web.servlet.MockMvcPrintOnlyOnFailureTestExecutionListener@5cf29cad, org.springframework.boot.test.autoconfigure.web.servlet.WebDriverTestExecutionListener@43c659be, org.springframework.boot.test.mock.mockito.ResetMocksTestExecutionListener@2c01d835]

  .   ____          _            __ _ _
 /\\ / ___'_ __ _ _(_)_ __  __ _ \ \ \ \
( ( )\___ | '_ | '_| | '_ \/ _` | \ \ \ \
 \\/  ___)| |_)| | | | | || (_| |  ) ) ) )
  '  |____| .__|_| |_|_| |_\__, | / / / /
 =========|_|==============|___/=/_/_/_/
 :: Spring Boot ::        (v2.1.6.RELEASE)

2019-07-16 01:32:01.469  INFO 10928 --- [    Test worker] c.ceiba.Parking.ParkingApplicationTests  : Starting ParkingApplicationTests on ROBERT-CARVAJAL with PID 10928 (started by robert.carvajal in C:\Users\robert.carvajal\Documents\Robert\Parking)
2019-07-16 01:32:01.470  INFO 10928 --- [    Test worker] c.ceiba.Parking.ParkingApplicationTests  : No active profile set, falling back to default profiles: default
2019-07-16 01:32:01.766  INFO 10928 --- [    Test worker] .s.d.r.c.RepositoryConfigurationDelegate : Bootstrapping Spring Data repositories in DEFAULT mode.
2019-07-16 01:32:01.797  INFO 10928 --- [    Test worker] .s.d.r.c.RepositoryConfigurationDelegate : Finished Spring Data repository scanning in 31ms. Found 2 repository interfaces.
2019-07-16 01:32:01.903  INFO 10928 --- [    Test worker] trationDelegate$BeanPostProcessorChecker : Bean 'org.springframework.transaction.annotation.ProxyTransactionManagementConfiguration' of type [org.springframework.transaction.annotation.ProxyTransactionManagementConfiguration$$EnhancerBySpringCGLIB$$4f48869e] is not eligible for getting processed by all BeanPostProcessors (for example: not eligible for auto-proxying)
2019-07-16 01:32:02.010  INFO 10928 --- [    Test worker] com.zaxxer.hikari.HikariDataSource       : HikariPool-2 - Starting...
2019-07-16 01:32:02.012  INFO 10928 --- [    Test worker] com.zaxxer.hikari.HikariDataSource       : HikariPool-2 - Start completed.
2019-07-16 01:32:02.053  INFO 10928 --- [    Test worker] o.hibernate.jpa.internal.util.LogHelper  : HHH000204: Processing PersistenceUnitInfo [
	name: default
	...]
2019-07-16 01:32:02.066  INFO 10928 --- [    Test worker] org.hibernate.dialect.Dialect            : HHH000400: Using dialect: org.hibernate.dialect.H2Dialect
2019-07-16 01:32:02.126  INFO 10928 --- [    Test worker] o.h.t.schema.internal.SchemaCreatorImpl  : HHH000476: Executing import script 'ScriptSourceInputFromUrl(file:/C:/Users/robert.carvajal/Documents/Robert/Parking/build/resources/main/import.sql)'
2019-07-16 01:32:02.129  INFO 10928 --- [    Test worker] j.LocalContainerEntityManagerFactoryBean : Initialized JPA EntityManagerFactory for persistence unit 'default'
2019-07-16 01:32:02.753  INFO 10928 --- [    Test worker] o.s.s.concurrent.ThreadPoolTaskExecutor  : Initializing ExecutorService 'applicationTaskExecutor'
2019-07-16 01:32:02.767  WARN 10928 --- [    Test worker] aWebConfiguration$JpaWebMvcConfiguration : spring.jpa.open-in-view is enabled by default. Therefore, database queries may be performed during view rendering. Explicitly configure spring.jpa.open-in-view to disable this warning
2019-07-16 01:32:03.133  INFO 10928 --- [    Test worker] c.ceiba.Parking.ParkingApplicationTests  : Started ParkingApplicationTests in 1.709 seconds (JVM running for 14.877)
]]></system-out>
  <system-err><![CDATA[]]></system-err>
</testsuite>
