<?xml version="1.0" encoding="UTF-8"?>
<testsuite name="com.ceiba.parking.ParkingApplicationTests" tests="1" skipped="0" failures="0" errors="0" timestamp="2019-07-21T02:39:34" hostname="ROBERT-CARVAJAL" time="0.003">
  <properties/>
  <testcase name="contextLoads" classname="com.ceiba.parking.ParkingApplicationTests" time="0.003"/>
  <system-out><![CDATA[2019-07-20 21:39:32.712  INFO 11716 --- [    Test worker] .b.t.c.SpringBootTestContextBootstrapper : Neither @ContextConfiguration nor @ContextHierarchy found for test class [com.ceiba.parking.ParkingApplicationTests], using SpringBootContextLoader
2019-07-20 21:39:32.714  INFO 11716 --- [    Test worker] o.s.t.c.support.AbstractContextLoader    : Could not detect default resource locations for test class [com.ceiba.parking.ParkingApplicationTests]: no resource found for suffixes {-context.xml, Context.groovy}.
2019-07-20 21:39:32.715  INFO 11716 --- [    Test worker] t.c.s.AnnotationConfigContextLoaderUtils : Could not detect default configuration classes for test class [com.ceiba.parking.ParkingApplicationTests]: ParkingApplicationTests does not declare any static, non-private, non-final, nested classes annotated with @Configuration.
2019-07-20 21:39:32.726  INFO 11716 --- [    Test worker] .b.t.c.SpringBootTestContextBootstrapper : Found @SpringBootConfiguration com.ceiba.parking.ParkingApplication for test class com.ceiba.parking.ParkingApplicationTests
2019-07-20 21:39:32.728  INFO 11716 --- [    Test worker] .b.t.c.SpringBootTestContextBootstrapper : Loaded default TestExecutionListener class names from location [META-INF/spring.factories]: [org.springframework.boot.test.autoconfigure.restdocs.RestDocsTestExecutionListener, org.springframework.boot.test.autoconfigure.web.client.MockRestServiceServerResetTestExecutionListener, org.springframework.boot.test.autoconfigure.web.servlet.MockMvcPrintOnlyOnFailureTestExecutionListener, org.springframework.boot.test.autoconfigure.web.servlet.WebDriverTestExecutionListener, org.springframework.boot.test.mock.mockito.MockitoTestExecutionListener, org.springframework.boot.test.mock.mockito.ResetMocksTestExecutionListener, org.springframework.test.context.web.ServletTestExecutionListener, org.springframework.test.context.support.DirtiesContextBeforeModesTestExecutionListener, org.springframework.test.context.support.DependencyInjectionTestExecutionListener, org.springframework.test.context.support.DirtiesContextTestExecutionListener, org.springframework.test.context.transaction.TransactionalTestExecutionListener, org.springframework.test.context.jdbc.SqlScriptsTestExecutionListener]
2019-07-20 21:39:32.729  INFO 11716 --- [    Test worker] .b.t.c.SpringBootTestContextBootstrapper : Using TestExecutionListeners: [org.springframework.test.context.web.ServletTestExecutionListener@7835132f, org.springframework.test.context.support.DirtiesContextBeforeModesTestExecutionListener@6a19ea20, org.springframework.boot.test.mock.mockito.MockitoTestExecutionListener@330e896c, org.springframework.boot.test.autoconfigure.SpringBootDependencyInjectionTestExecutionListener@54bc0db3, org.springframework.test.context.support.DirtiesContextTestExecutionListener@440c060, org.springframework.test.context.transaction.TransactionalTestExecutionListener@212d6222, org.springframework.test.context.jdbc.SqlScriptsTestExecutionListener@66afca82, org.springframework.boot.test.autoconfigure.restdocs.RestDocsTestExecutionListener@52ca9271, org.springframework.boot.test.autoconfigure.web.client.MockRestServiceServerResetTestExecutionListener@508b1b88, org.springframework.boot.test.autoconfigure.web.servlet.MockMvcPrintOnlyOnFailureTestExecutionListener@1afd5fc9, org.springframework.boot.test.autoconfigure.web.servlet.WebDriverTestExecutionListener@29e7dce, org.springframework.boot.test.mock.mockito.ResetMocksTestExecutionListener@4c12ef6]

  .   ____          _            __ _ _
 /\\ / ___'_ __ _ _(_)_ __  __ _ \ \ \ \
( ( )\___ | '_ | '_| | '_ \/ _` | \ \ \ \
 \\/  ___)| |_)| | | | | || (_| |  ) ) ) )
  '  |____| .__|_| |_|_| |_\__, | / / / /
 =========|_|==============|___/=/_/_/_/
 :: Spring Boot ::        (v2.1.6.RELEASE)

2019-07-20 21:39:32.763  INFO 11716 --- [    Test worker] c.ceiba.parking.ParkingApplicationTests  : Starting ParkingApplicationTests on ROBERT-CARVAJAL with PID 11716 (started by robert.carvajal in C:\Users\robert.carvajal\Documents\Robert\parking)
2019-07-20 21:39:32.764  INFO 11716 --- [    Test worker] c.ceiba.parking.ParkingApplicationTests  : No active profile set, falling back to default profiles: default
2019-07-20 21:39:33.075  INFO 11716 --- [    Test worker] .s.d.r.c.RepositoryConfigurationDelegate : Bootstrapping Spring Data repositories in DEFAULT mode.
2019-07-20 21:39:33.131  INFO 11716 --- [    Test worker] .s.d.r.c.RepositoryConfigurationDelegate : Finished Spring Data repository scanning in 55ms. Found 3 repository interfaces.
2019-07-20 21:39:33.265  INFO 11716 --- [    Test worker] trationDelegate$BeanPostProcessorChecker : Bean 'org.springframework.transaction.annotation.ProxyTransactionManagementConfiguration' of type [org.springframework.transaction.annotation.ProxyTransactionManagementConfiguration$$EnhancerBySpringCGLIB$$2135cc9c] is not eligible for getting processed by all BeanPostProcessors (for example: not eligible for auto-proxying)
2019-07-20 21:39:33.389  INFO 11716 --- [    Test worker] com.zaxxer.hikari.HikariDataSource       : HikariPool-2 - Starting...
2019-07-20 21:39:33.391  INFO 11716 --- [    Test worker] com.zaxxer.hikari.HikariDataSource       : HikariPool-2 - Start completed.
2019-07-20 21:39:33.437  INFO 11716 --- [    Test worker] o.hibernate.jpa.internal.util.LogHelper  : HHH000204: Processing PersistenceUnitInfo [
	name: default
	...]
2019-07-20 21:39:33.453  INFO 11716 --- [    Test worker] org.hibernate.dialect.Dialect            : HHH000400: Using dialect: org.hibernate.dialect.H2Dialect
Hibernate: drop table factura if exists
Hibernate: drop table tipo_vehiculo if exists
Hibernate: drop table vehiculo if exists
Hibernate: drop table vehiculos_activos if exists
Hibernate: drop sequence if exists hibernate_sequence
Hibernate: create sequence hibernate_sequence start with 1 increment by 1
Hibernate: create table factura (id_factura bigint generated by default as identity, estado boolean, fecha_ingreso timestamp not null, fecha_salida timestamp, valor_total float, id_vehiculo bigint not null, primary key (id_factura))
Hibernate: create table tipo_vehiculo (tipo_vehiculo_id bigint generated by default as identity, descripcion varchar(255) not null, primary key (tipo_vehiculo_id))
Hibernate: create table vehiculo (id_vehiculo bigint not null, cilindraje integer not null, fecha_creacion timestamp, placa varchar(255) not null, tipo_vehiculo_id bigint not null, primary key (id_vehiculo))
Hibernate: create table vehiculos_activos (id bigint generated by default as identity, descripcion varchar(255) not null, fecha_ingreso varchar(255) not null, placa varchar(255) not null, primary key (id))
Hibernate: alter table factura add constraint FKsq7nl7sg0nftm8k40ncdhrarm foreign key (id_vehiculo) references vehiculo
Hibernate: alter table vehiculo add constraint FK8si429jg12xpnu65gsn2a1r44 foreign key (tipo_vehiculo_id) references tipo_vehiculo
2019-07-20 21:39:33.564  INFO 11716 --- [    Test worker] o.h.t.schema.internal.SchemaCreatorImpl  : HHH000476: Executing import script 'ScriptSourceInputFromUrl(file:/C:/Users/robert.carvajal/Documents/Robert/parking/build/resources/main/import.sql)'
Hibernate: INSERT INTO TIPO_VEHICULO(TIPO_VEHICULO_ID, DESCRIPCION)VALUES(1, 'CARRO')
Hibernate: INSERT INTO TIPO_VEHICULO(TIPO_VEHICULO_ID, DESCRIPCION)VALUES(2, 'MOTO')
2019-07-20 21:39:33.567  INFO 11716 --- [    Test worker] j.LocalContainerEntityManagerFactoryBean : Initialized JPA EntityManagerFactory for persistence unit 'default'
2019-07-20 21:39:33.704  INFO 11716 --- [    Test worker] o.h.h.i.QueryTranslatorFactoryInitiator  : HHH000397: Using ASTQueryTranslatorFactory
2019-07-20 21:39:34.188  INFO 11716 --- [    Test worker] o.s.s.concurrent.ThreadPoolTaskExecutor  : Initializing ExecutorService 'applicationTaskExecutor'
2019-07-20 21:39:34.206  WARN 11716 --- [    Test worker] aWebConfiguration$JpaWebMvcConfiguration : spring.jpa.open-in-view is enabled by default. Therefore, database queries may be performed during view rendering. Explicitly configure spring.jpa.open-in-view to disable this warning
2019-07-20 21:39:34.633  INFO 11716 --- [    Test worker] c.ceiba.parking.ParkingApplicationTests  : Started ParkingApplicationTests in 1.902 seconds (JVM running for 16.54)
]]></system-out>
  <system-err><![CDATA[]]></system-err>
</testsuite>
