<?xml version="1.0" encoding="UTF-8"?>
<testsuite name="com.ceiba.parking.unitarias.ParqueaderoTest" tests="14" skipped="0" failures="0" errors="0" timestamp="2019-07-19T04:55:20" hostname="ROBERT-CARVAJAL" time="0.435">
  <properties/>
  <testcase name="validarCantidadDeCuposPorTipoDeVehiculoNoRegistradoRetornaExcepcion" classname="com.ceiba.parking.unitarias.ParqueaderoTest" time="0.169"/>
  <testcase name="obtenerCantidadDeVehiculosPorTipo" classname="com.ceiba.parking.unitarias.ParqueaderoTest" time="0.001"/>
  <testcase name="registroVehiculoExitoso" classname="com.ceiba.parking.unitarias.ParqueaderoTest" time="0.115"/>
  <testcase name="validarTarifaParaTipoVehiculoCarro8Horas" classname="com.ceiba.parking.unitarias.ParqueaderoTest" time="0.005"/>
  <testcase name="validarCantidadDeCuposPorTipoDeVehiculoRetornaExcepcion" classname="com.ceiba.parking.unitarias.ParqueaderoTest" time="0.0"/>
  <testcase name="validarCantidadDeCuposPorTipoDeVehiculoMoto" classname="com.ceiba.parking.unitarias.ParqueaderoTest" time="0.001"/>
  <testcase name="obtenerTipoDeVehiculoPorDescripcionRetornaNulo" classname="com.ceiba.parking.unitarias.ParqueaderoTest" time="0.035"/>
  <testcase name="validaSiExisteElTipoDeVehiculoIngresadoRetornaNull" classname="com.ceiba.parking.unitarias.ParqueaderoTest" time="0.0"/>
  <testcase name="dadoUnVehiculoValidarSiEstaActivo" classname="com.ceiba.parking.unitarias.ParqueaderoTest" time="0.017"/>
  <testcase name="validarTarifaParaTipoVehiculoMoto2HorasCilindrajeMAyorA500cc" classname="com.ceiba.parking.unitarias.ParqueaderoTest" time="0.0"/>
  <testcase name="dadoUnVehiculoObtenerLaFacturaYRetoraUnaExcepcion" classname="com.ceiba.parking.unitarias.ParqueaderoTest" time="0.001"/>
  <testcase name="validarTarifaParaTipoVehiculoCarroMayorA8Horas" classname="com.ceiba.parking.unitarias.ParqueaderoTest" time="0.002"/>
  <testcase name="validarDiaDeRegistroDadaUnaPlacaQueComienzaPorA" classname="com.ceiba.parking.unitarias.ParqueaderoTest" time="0.083"/>
  <testcase name="crearVehiculo" classname="com.ceiba.parking.unitarias.ParqueaderoTest" time="0.0"/>
  <system-out><![CDATA[]]></system-out>
  <system-err><![CDATA[]]></system-err>
</testsuite>
