<?xml version="1.0" encoding="UTF-8"?>
<testsuite name="com.ceiba.Parking.integracion.VehiculoControladorTest" tests="1" skipped="0" failures="0" errors="0" timestamp="2019-07-16T06:32:00" hostname="ROBERT-CARVAJAL" time="0.911">
  <properties/>
  <testcase name="registroVehiculoTest" classname="com.ceiba.Parking.integracion.VehiculoControladorTest" time="0.911"/>
  <system-out><![CDATA[01:31:50.103 [Test worker] DEBUG org.springframework.test.context.junit4.SpringJUnit4ClassRunner - SpringJUnit4ClassRunner constructor called with [class com.ceiba.Parking.integracion.VehiculoControladorTest]
01:31:50.124 [Test worker] DEBUG org.springframework.test.context.BootstrapUtils - Instantiating CacheAwareContextLoaderDelegate from class [org.springframework.test.context.cache.DefaultCacheAwareContextLoaderDelegate]
01:31:50.153 [Test worker] DEBUG org.springframework.test.context.BootstrapUtils - Instantiating BootstrapContext using constructor [public org.springframework.test.context.support.DefaultBootstrapContext(java.lang.Class,org.springframework.test.context.CacheAwareContextLoaderDelegate)]
01:31:50.221 [Test worker] DEBUG org.springframework.test.context.BootstrapUtils - Instantiating TestContextBootstrapper for test class [com.ceiba.Parking.integracion.VehiculoControladorTest] from class [org.springframework.boot.test.context.SpringBootTestContextBootstrapper]
01:31:50.243 [Test worker] INFO org.springframework.boot.test.context.SpringBootTestContextBootstrapper - Neither @ContextConfiguration nor @ContextHierarchy found for test class [com.ceiba.Parking.integracion.VehiculoControladorTest], using SpringBootContextLoader
01:31:50.253 [Test worker] DEBUG org.springframework.test.context.support.AbstractContextLoader - Did not detect default resource location for test class [com.ceiba.Parking.integracion.VehiculoControladorTest]: class path resource [com/ceiba/Parking/integracion/VehiculoControladorTest-context.xml] does not exist
01:31:50.254 [Test worker] DEBUG org.springframework.test.context.support.AbstractContextLoader - Did not detect default resource location for test class [com.ceiba.Parking.integracion.VehiculoControladorTest]: class path resource [com/ceiba/Parking/integracion/VehiculoControladorTestContext.groovy] does not exist
01:31:50.254 [Test worker] INFO org.springframework.test.context.support.AbstractContextLoader - Could not detect default resource locations for test class [com.ceiba.Parking.integracion.VehiculoControladorTest]: no resource found for suffixes {-context.xml, Context.groovy}.
01:31:50.394 [Test worker] DEBUG org.springframework.test.context.support.ActiveProfilesUtils - Could not find an 'annotation declaring class' for annotation type [org.springframework.test.context.ActiveProfiles] and class [com.ceiba.Parking.integracion.VehiculoControladorTest]
01:31:50.704 [Test worker] DEBUG org.springframework.boot.test.context.SpringBootTestContextBootstrapper - @TestExecutionListeners is not present for class [com.ceiba.Parking.integracion.VehiculoControladorTest]: using defaults.
01:31:50.705 [Test worker] INFO org.springframework.boot.test.context.SpringBootTestContextBootstrapper - Loaded default TestExecutionListener class names from location [META-INF/spring.factories]: [org.springframework.boot.test.autoconfigure.restdocs.RestDocsTestExecutionListener, org.springframework.boot.test.autoconfigure.web.client.MockRestServiceServerResetTestExecutionListener, org.springframework.boot.test.autoconfigure.web.servlet.MockMvcPrintOnlyOnFailureTestExecutionListener, org.springframework.boot.test.autoconfigure.web.servlet.WebDriverTestExecutionListener, org.springframework.boot.test.mock.mockito.MockitoTestExecutionListener, org.springframework.boot.test.mock.mockito.ResetMocksTestExecutionListener, org.springframework.test.context.web.ServletTestExecutionListener, org.springframework.test.context.support.DirtiesContextBeforeModesTestExecutionListener, org.springframework.test.context.support.DependencyInjectionTestExecutionListener, org.springframework.test.context.support.DirtiesContextTestExecutionListener, org.springframework.test.context.transaction.TransactionalTestExecutionListener, org.springframework.test.context.jdbc.SqlScriptsTestExecutionListener]
01:31:50.755 [Test worker] INFO org.springframework.boot.test.context.SpringBootTestContextBootstrapper - Using TestExecutionListeners: [org.springframework.test.context.web.ServletTestExecutionListener@22483bca, org.springframework.test.context.support.DirtiesContextBeforeModesTestExecutionListener@35732e10, org.springframework.boot.test.mock.mockito.MockitoTestExecutionListener@6d4728d9, org.springframework.boot.test.autoconfigure.SpringBootDependencyInjectionTestExecutionListener@70275d21, org.springframework.test.context.support.DirtiesContextTestExecutionListener@1352ae84, org.springframework.test.context.transaction.TransactionalTestExecutionListener@3f7d1150, org.springframework.test.context.jdbc.SqlScriptsTestExecutionListener@6b28e786, org.springframework.boot.test.autoconfigure.restdocs.RestDocsTestExecutionListener@21ac6197, org.springframework.boot.test.autoconfigure.web.client.MockRestServiceServerResetTestExecutionListener@278cdda8, org.springframework.boot.test.autoconfigure.web.servlet.MockMvcPrintOnlyOnFailureTestExecutionListener@702caf98, org.springframework.boot.test.autoconfigure.web.servlet.WebDriverTestExecutionListener@5c9472cc, org.springframework.boot.test.mock.mockito.ResetMocksTestExecutionListener@1ef60010]
01:31:50.760 [Test worker] DEBUG org.springframework.test.annotation.ProfileValueUtils - Retrieved @ProfileValueSourceConfiguration [null] for test class [com.ceiba.Parking.integracion.VehiculoControladorTest]
01:31:50.761 [Test worker] DEBUG org.springframework.test.annotation.ProfileValueUtils - Retrieved ProfileValueSource type [class org.springframework.test.annotation.SystemProfileValueSource] for class [com.ceiba.Parking.integracion.VehiculoControladorTest]
01:31:50.763 [Test worker] DEBUG org.springframework.test.annotation.ProfileValueUtils - Retrieved @ProfileValueSourceConfiguration [null] for test class [com.ceiba.Parking.integracion.VehiculoControladorTest]
01:31:50.763 [Test worker] DEBUG org.springframework.test.annotation.ProfileValueUtils - Retrieved ProfileValueSource type [class org.springframework.test.annotation.SystemProfileValueSource] for class [com.ceiba.Parking.integracion.VehiculoControladorTest]
01:31:50.773 [Test worker] DEBUG org.springframework.test.context.support.AbstractDirtiesContextTestExecutionListener - Before test class: context [DefaultTestContext@4acabcbd testClass = VehiculoControladorTest, testInstance = [null], testMethod = [null], testException = [null], mergedContextConfiguration = [WebMergedContextConfiguration@27bb53ca testClass = VehiculoControladorTest, locations = '{}', classes = '{class com.ceiba.Parking.ParkingApplication, class com.ceiba.Parking.ParkingApplication}', contextInitializerClasses = '[]', activeProfiles = '{}', propertySourceLocations = '{}', propertySourceProperties = '{org.springframework.boot.test.context.SpringBootTestContextBootstrapper=true}', contextCustomizers = set[org.springframework.boot.test.autoconfigure.properties.PropertyMappingContextCustomizer@e7e8512, org.springframework.boot.test.autoconfigure.web.servlet.WebDriverContextCustomizerFactory$Customizer@7d1a01a1, [ImportsContextCustomizer@11f9b106 key = [org.springframework.boot.test.autoconfigure.web.servlet.MockMvcAutoConfiguration, org.springframework.boot.test.autoconfigure.web.servlet.MockMvcSecurityAutoConfiguration, org.springframework.boot.test.autoconfigure.web.servlet.MockMvcWebClientAutoConfiguration, org.springframework.boot.test.autoconfigure.web.servlet.MockMvcWebDriverAutoConfiguration]], org.springframework.boot.test.context.filter.ExcludeFilterContextCustomizer@3db85b33, org.springframework.boot.test.json.DuplicateJsonObjectContextCustomizerFactory$DuplicateJsonObjectContextCustomizer@38e5c6f5, org.springframework.boot.test.mock.mockito.MockitoContextCustomizer@0, org.springframework.boot.test.web.client.TestRestTemplateContextCustomizer@62f69d70], resourceBasePath = 'src/main/webapp', contextLoader = 'org.springframework.boot.test.context.SpringBootContextLoader', parent = [null]], attributes = map['org.springframework.test.context.web.ServletTestExecutionListener.activateListener' -> true]], class annotated with @DirtiesContext [false] with mode [null].
01:31:50.775 [Test worker] DEBUG org.springframework.test.annotation.ProfileValueUtils - Retrieved @ProfileValueSourceConfiguration [null] for test class [com.ceiba.Parking.integracion.VehiculoControladorTest]
01:31:50.775 [Test worker] DEBUG org.springframework.test.annotation.ProfileValueUtils - Retrieved ProfileValueSource type [class org.springframework.test.annotation.SystemProfileValueSource] for class [com.ceiba.Parking.integracion.VehiculoControladorTest]
01:31:50.845 [Test worker] DEBUG org.springframework.test.context.support.TestPropertySourceUtils - Adding inlined properties to environment: {spring.jmx.enabled=false, org.springframework.boot.test.context.SpringBootTestContextBootstrapper=true, server.port=-1}

  .   ____          _            __ _ _
 /\\ / ___'_ __ _ _(_)_ __  __ _ \ \ \ \
( ( )\___ | '_ | '_| | '_ \/ _` | \ \ \ \
 \\/  ___)| |_)| | | | | || (_| |  ) ) ) )
  '  |____| .__|_| |_|_| |_\__, | / / / /
 =========|_|==============|___/=/_/_/_/
 :: Spring Boot ::        (v2.1.6.RELEASE)

2019-07-16 01:31:51.906  INFO 10928 --- [    Test worker] c.c.P.i.VehiculoControladorTest          : Starting VehiculoControladorTest on ROBERT-CARVAJAL with PID 10928 (started by robert.carvajal in C:\Users\robert.carvajal\Documents\Robert\Parking)
2019-07-16 01:31:51.909  INFO 10928 --- [    Test worker] c.c.P.i.VehiculoControladorTest          : No active profile set, falling back to default profiles: default
2019-07-16 01:31:53.423  INFO 10928 --- [    Test worker] .s.d.r.c.RepositoryConfigurationDelegate : Bootstrapping Spring Data repositories in DEFAULT mode.
2019-07-16 01:31:53.588  INFO 10928 --- [    Test worker] .s.d.r.c.RepositoryConfigurationDelegate : Finished Spring Data repository scanning in 146ms. Found 2 repository interfaces.
2019-07-16 01:31:54.425  INFO 10928 --- [    Test worker] trationDelegate$BeanPostProcessorChecker : Bean 'org.springframework.transaction.annotation.ProxyTransactionManagementConfiguration' of type [org.springframework.transaction.annotation.ProxyTransactionManagementConfiguration$$EnhancerBySpringCGLIB$$4f48869e] is not eligible for getting processed by all BeanPostProcessors (for example: not eligible for auto-proxying)
2019-07-16 01:31:54.808  INFO 10928 --- [    Test worker] com.zaxxer.hikari.HikariDataSource       : HikariPool-1 - Starting...
2019-07-16 01:31:55.351  INFO 10928 --- [    Test worker] com.zaxxer.hikari.HikariDataSource       : HikariPool-1 - Start completed.
2019-07-16 01:31:55.531  INFO 10928 --- [    Test worker] o.hibernate.jpa.internal.util.LogHelper  : HHH000204: Processing PersistenceUnitInfo [
	name: default
	...]
2019-07-16 01:31:55.686  INFO 10928 --- [    Test worker] org.hibernate.Version                    : HHH000412: Hibernate Core {5.3.10.Final}
2019-07-16 01:31:55.689  INFO 10928 --- [    Test worker] org.hibernate.cfg.Environment            : HHH000206: hibernate.properties not found
2019-07-16 01:31:56.018  INFO 10928 --- [    Test worker] o.hibernate.annotations.common.Version   : HCANN000001: Hibernate Commons Annotations {5.0.4.Final}
2019-07-16 01:31:56.502  INFO 10928 --- [    Test worker] org.hibernate.dialect.Dialect            : HHH000400: Using dialect: org.hibernate.dialect.H2Dialect
2019-07-16 01:31:58.017  INFO 10928 --- [    Test worker] o.h.t.schema.internal.SchemaCreatorImpl  : HHH000476: Executing import script 'ScriptSourceInputFromUrl(file:/C:/Users/robert.carvajal/Documents/Robert/Parking/build/resources/main/import.sql)'
2019-07-16 01:31:58.025  INFO 10928 --- [    Test worker] j.LocalContainerEntityManagerFactoryBean : Initialized JPA EntityManagerFactory for persistence unit 'default'
2019-07-16 01:31:59.682  INFO 10928 --- [    Test worker] o.s.s.concurrent.ThreadPoolTaskExecutor  : Initializing ExecutorService 'applicationTaskExecutor'
2019-07-16 01:31:59.796  WARN 10928 --- [    Test worker] aWebConfiguration$JpaWebMvcConfiguration : spring.jpa.open-in-view is enabled by default. Therefore, database queries may be performed during view rendering. Explicitly configure spring.jpa.open-in-view to disable this warning
2019-07-16 01:32:00.393  INFO 10928 --- [    Test worker] o.s.b.t.m.w.SpringBootMockServletContext : Initializing Spring TestDispatcherServlet ''
2019-07-16 01:32:00.394  INFO 10928 --- [    Test worker] o.s.t.web.servlet.TestDispatcherServlet  : Initializing Servlet ''
2019-07-16 01:32:00.416  INFO 10928 --- [    Test worker] o.s.t.web.servlet.TestDispatcherServlet  : Completed initialization in 22 ms
2019-07-16 01:32:00.450  INFO 10928 --- [    Test worker] c.c.P.i.VehiculoControladorTest          : Started VehiculoControladorTest in 9.588 seconds (JVM running for 12.194)
2019-07-16 01:32:00.536  INFO 10928 --- [    Test worker] o.s.b.t.m.w.SpringBootMockServletContext : Initializing Spring TestDispatcherServlet ''
2019-07-16 01:32:00.538  INFO 10928 --- [    Test worker] o.s.t.web.servlet.TestDispatcherServlet  : Initializing Servlet ''
2019-07-16 01:32:00.542  INFO 10928 --- [    Test worker] o.s.t.web.servlet.TestDispatcherServlet  : Completed initialization in 3 ms
2019-07-16 01:32:00.884  INFO 10928 --- [    Test worker] o.h.h.i.QueryTranslatorFactoryInitiator  : HHH000397: Using ASTQueryTranslatorFactory
]]></system-out>
  <system-err><![CDATA[]]></system-err>
</testsuite>
