<?xml version="1.0" encoding="UTF-8"?>
<testsuite name="com.ceiba.parking.unitarias.ParqueaderoTest" tests="1" skipped="0" failures="0" errors="0" timestamp="2019-07-19T14:44:27" hostname="ROBERT-CARVAJAL" time="1.123">
  <properties/>
  <testcase name="obtenerTipoDeVehiculoPorDescripcionRetornaNulo" classname="com.ceiba.parking.unitarias.ParqueaderoTest" time="1.123"/>
  <system-out><![CDATA[]]></system-out>
  <system-err><![CDATA[]]></system-err>
</testsuite>
