<?xml version="1.0" encoding="UTF-8"?>
<testsuite name="com.ceiba.Parking.integracion.VehiculoControladorTest" tests="2" skipped="0" failures="0" errors="0" timestamp="2019-07-18T15:21:50" hostname="ROBERT-CARVAJAL" time="1.356">
  <properties/>
  <testcase name="registroVehiculoTest" classname="com.ceiba.Parking.integracion.VehiculoControladorTest" time="1.248"/>
  <testcase name="obtenerVehiculosActivosTest" classname="com.ceiba.Parking.integracion.VehiculoControladorTest" time="0.107"/>
  <system-out><![CDATA[10:21:31.773 [Test worker] DEBUG org.springframework.test.context.junit4.SpringJUnit4ClassRunner - SpringJUnit4ClassRunner constructor called with [class com.ceiba.Parking.integracion.VehiculoControladorTest]
10:21:31.893 [Test worker] DEBUG org.springframework.test.context.BootstrapUtils - Instantiating CacheAwareContextLoaderDelegate from class [org.springframework.test.context.cache.DefaultCacheAwareContextLoaderDelegate]
10:21:31.925 [Test worker] DEBUG org.springframework.test.context.BootstrapUtils - Instantiating BootstrapContext using constructor [public org.springframework.test.context.support.DefaultBootstrapContext(java.lang.Class,org.springframework.test.context.CacheAwareContextLoaderDelegate)]
10:21:32.050 [Test worker] DEBUG org.springframework.test.context.BootstrapUtils - Instantiating TestContextBootstrapper for test class [com.ceiba.Parking.integracion.VehiculoControladorTest] from class [org.springframework.boot.test.context.SpringBootTestContextBootstrapper]
10:21:32.082 [Test worker] INFO org.springframework.boot.test.context.SpringBootTestContextBootstrapper - Neither @ContextConfiguration nor @ContextHierarchy found for test class [com.ceiba.Parking.integracion.VehiculoControladorTest], using SpringBootContextLoader
10:21:32.093 [Test worker] DEBUG org.springframework.test.context.support.AbstractContextLoader - Did not detect default resource location for test class [com.ceiba.Parking.integracion.VehiculoControladorTest]: class path resource [com/ceiba/Parking/integracion/VehiculoControladorTest-context.xml] does not exist
10:21:32.098 [Test worker] DEBUG org.springframework.test.context.support.AbstractContextLoader - Did not detect default resource location for test class [com.ceiba.Parking.integracion.VehiculoControladorTest]: class path resource [com/ceiba/Parking/integracion/VehiculoControladorTestContext.groovy] does not exist
10:21:32.106 [Test worker] INFO org.springframework.test.context.support.AbstractContextLoader - Could not detect default resource locations for test class [com.ceiba.Parking.integracion.VehiculoControladorTest]: no resource found for suffixes {-context.xml, Context.groovy}.
10:21:32.338 [Test worker] DEBUG org.springframework.test.context.support.ActiveProfilesUtils - Could not find an 'annotation declaring class' for annotation type [org.springframework.test.context.ActiveProfiles] and class [com.ceiba.Parking.integracion.VehiculoControladorTest]
10:21:32.889 [Test worker] DEBUG org.springframework.boot.test.context.SpringBootTestContextBootstrapper - @TestExecutionListeners is not present for class [com.ceiba.Parking.integracion.VehiculoControladorTest]: using defaults.
10:21:32.892 [Test worker] INFO org.springframework.boot.test.context.SpringBootTestContextBootstrapper - Loaded default TestExecutionListener class names from location [META-INF/spring.factories]: [org.springframework.boot.test.autoconfigure.restdocs.RestDocsTestExecutionListener, org.springframework.boot.test.autoconfigure.web.client.MockRestServiceServerResetTestExecutionListener, org.springframework.boot.test.autoconfigure.web.servlet.MockMvcPrintOnlyOnFailureTestExecutionListener, org.springframework.boot.test.autoconfigure.web.servlet.WebDriverTestExecutionListener, org.springframework.boot.test.mock.mockito.MockitoTestExecutionListener, org.springframework.boot.test.mock.mockito.ResetMocksTestExecutionListener, org.springframework.test.context.web.ServletTestExecutionListener, org.springframework.test.context.support.DirtiesContextBeforeModesTestExecutionListener, org.springframework.test.context.support.DependencyInjectionTestExecutionListener, org.springframework.test.context.support.DirtiesContextTestExecutionListener, org.springframework.test.context.transaction.TransactionalTestExecutionListener, org.springframework.test.context.jdbc.SqlScriptsTestExecutionListener]
10:21:32.970 [Test worker] INFO org.springframework.boot.test.context.SpringBootTestContextBootstrapper - Using TestExecutionListeners: [org.springframework.test.context.web.ServletTestExecutionListener@7e932a49, org.springframework.test.context.support.DirtiesContextBeforeModesTestExecutionListener@358b60fa, org.springframework.boot.test.mock.mockito.MockitoTestExecutionListener@45ee290, org.springframework.boot.test.autoconfigure.SpringBootDependencyInjectionTestExecutionListener@710a14c7, org.springframework.test.context.support.DirtiesContextTestExecutionListener@162ca9cd, org.springframework.test.context.transaction.TransactionalTestExecutionListener@78ce9742, org.springframework.test.context.jdbc.SqlScriptsTestExecutionListener@b77b0a9, org.springframework.boot.test.autoconfigure.restdocs.RestDocsTestExecutionListener@2a7a212c, org.springframework.boot.test.autoconfigure.web.client.MockRestServiceServerResetTestExecutionListener@596b876f, org.springframework.boot.test.autoconfigure.web.servlet.MockMvcPrintOnlyOnFailureTestExecutionListener@55137f87, org.springframework.boot.test.autoconfigure.web.servlet.WebDriverTestExecutionListener@63d77f74, org.springframework.boot.test.mock.mockito.ResetMocksTestExecutionListener@185f4163]
10:21:32.983 [Test worker] DEBUG org.springframework.test.annotation.ProfileValueUtils - Retrieved @ProfileValueSourceConfiguration [null] for test class [com.ceiba.Parking.integracion.VehiculoControladorTest]
10:21:32.985 [Test worker] DEBUG org.springframework.test.annotation.ProfileValueUtils - Retrieved ProfileValueSource type [class org.springframework.test.annotation.SystemProfileValueSource] for class [com.ceiba.Parking.integracion.VehiculoControladorTest]
10:21:32.989 [Test worker] DEBUG org.springframework.test.annotation.ProfileValueUtils - Retrieved @ProfileValueSourceConfiguration [null] for test class [com.ceiba.Parking.integracion.VehiculoControladorTest]
10:21:32.990 [Test worker] DEBUG org.springframework.test.annotation.ProfileValueUtils - Retrieved ProfileValueSource type [class org.springframework.test.annotation.SystemProfileValueSource] for class [com.ceiba.Parking.integracion.VehiculoControladorTest]
10:21:33.004 [Test worker] DEBUG org.springframework.test.context.support.AbstractDirtiesContextTestExecutionListener - Before test class: context [DefaultTestContext@1994f5cf testClass = VehiculoControladorTest, testInstance = [null], testMethod = [null], testException = [null], mergedContextConfiguration = [WebMergedContextConfiguration@d0aa4fa testClass = VehiculoControladorTest, locations = '{}', classes = '{class com.ceiba.Parking.ParkingApplication, class com.ceiba.Parking.ParkingApplication}', contextInitializerClasses = '[]', activeProfiles = '{}', propertySourceLocations = '{}', propertySourceProperties = '{org.springframework.boot.test.context.SpringBootTestContextBootstrapper=true}', contextCustomizers = set[org.springframework.boot.test.autoconfigure.properties.PropertyMappingContextCustomizer@e7e8512, org.springframework.boot.test.autoconfigure.web.servlet.WebDriverContextCustomizerFactory$Customizer@54612966, [ImportsContextCustomizer@5623c5ad key = [org.springframework.boot.test.autoconfigure.web.servlet.MockMvcAutoConfiguration, org.springframework.boot.test.autoconfigure.web.servlet.MockMvcSecurityAutoConfiguration, org.springframework.boot.test.autoconfigure.web.servlet.MockMvcWebClientAutoConfiguration, org.springframework.boot.test.autoconfigure.web.servlet.MockMvcWebDriverAutoConfiguration]], org.springframework.boot.test.context.filter.ExcludeFilterContextCustomizer@63121b32, org.springframework.boot.test.json.DuplicateJsonObjectContextCustomizerFactory$DuplicateJsonObjectContextCustomizer@59e60602, org.springframework.boot.test.mock.mockito.MockitoContextCustomizer@0, org.springframework.boot.test.web.client.TestRestTemplateContextCustomizer@581cb8aa], resourceBasePath = 'src/main/webapp', contextLoader = 'org.springframework.boot.test.context.SpringBootContextLoader', parent = [null]], attributes = map['org.springframework.test.context.web.ServletTestExecutionListener.activateListener' -> true]], class annotated with @DirtiesContext [false] with mode [null].
10:21:33.007 [Test worker] DEBUG org.springframework.test.annotation.ProfileValueUtils - Retrieved @ProfileValueSourceConfiguration [null] for test class [com.ceiba.Parking.integracion.VehiculoControladorTest]
10:21:33.008 [Test worker] DEBUG org.springframework.test.annotation.ProfileValueUtils - Retrieved ProfileValueSource type [class org.springframework.test.annotation.SystemProfileValueSource] for class [com.ceiba.Parking.integracion.VehiculoControladorTest]
10:21:33.152 [Test worker] DEBUG org.springframework.test.context.support.TestPropertySourceUtils - Adding inlined properties to environment: {spring.jmx.enabled=false, org.springframework.boot.test.context.SpringBootTestContextBootstrapper=true, server.port=-1}

  .   ____          _            __ _ _
 /\\ / ___'_ __ _ _(_)_ __  __ _ \ \ \ \
( ( )\___ | '_ | '_| | '_ \/ _` | \ \ \ \
 \\/  ___)| |_)| | | | | || (_| |  ) ) ) )
  '  |____| .__|_| |_|_| |_\__, | / / / /
 =========|_|==============|___/=/_/_/_/
 :: Spring Boot ::        (v2.1.6.RELEASE)

2019-07-18 10:21:34.433  INFO 15428 --- [    Test worker] c.c.P.i.VehiculoControladorTest          : Starting VehiculoControladorTest on ROBERT-CARVAJAL with PID 15428 (started by robert.carvajal in C:\Users\robert.carvajal\Documents\Robert\Parking)
2019-07-18 10:21:34.437  INFO 15428 --- [    Test worker] c.c.P.i.VehiculoControladorTest          : No active profile set, falling back to default profiles: default
2019-07-18 10:21:36.879  INFO 15428 --- [    Test worker] .s.d.r.c.RepositoryConfigurationDelegate : Bootstrapping Spring Data repositories in DEFAULT mode.
2019-07-18 10:21:37.154  INFO 15428 --- [    Test worker] .s.d.r.c.RepositoryConfigurationDelegate : Finished Spring Data repository scanning in 252ms. Found 3 repository interfaces.
2019-07-18 10:21:38.542  INFO 15428 --- [    Test worker] trationDelegate$BeanPostProcessorChecker : Bean 'org.springframework.transaction.annotation.ProxyTransactionManagementConfiguration' of type [org.springframework.transaction.annotation.ProxyTransactionManagementConfiguration$$EnhancerBySpringCGLIB$$1d288aee] is not eligible for getting processed by all BeanPostProcessors (for example: not eligible for auto-proxying)
2019-07-18 10:21:39.233  INFO 15428 --- [    Test worker] com.zaxxer.hikari.HikariDataSource       : HikariPool-1 - Starting...
2019-07-18 10:21:40.056  INFO 15428 --- [    Test worker] com.zaxxer.hikari.HikariDataSource       : HikariPool-1 - Start completed.
2019-07-18 10:21:40.277  INFO 15428 --- [    Test worker] o.hibernate.jpa.internal.util.LogHelper  : HHH000204: Processing PersistenceUnitInfo [
	name: default
	...]
2019-07-18 10:21:40.561  INFO 15428 --- [    Test worker] org.hibernate.Version                    : HHH000412: Hibernate Core {5.3.10.Final}
2019-07-18 10:21:40.564  INFO 15428 --- [    Test worker] org.hibernate.cfg.Environment            : HHH000206: hibernate.properties not found
2019-07-18 10:21:40.948  INFO 15428 --- [    Test worker] o.hibernate.annotations.common.Version   : HCANN000001: Hibernate Commons Annotations {5.0.4.Final}
2019-07-18 10:21:41.573  INFO 15428 --- [    Test worker] org.hibernate.dialect.Dialect            : HHH000400: Using dialect: org.hibernate.dialect.H2Dialect
Hibernate: drop table factura if exists
Hibernate: drop table tipo_vehiculo if exists
Hibernate: drop table vehiculo if exists
Hibernate: drop table vehiculos_activos if exists
Hibernate: drop sequence if exists hibernate_sequence
Hibernate: create sequence hibernate_sequence start with 1 increment by 1
Hibernate: create table factura (id_factura bigint generated by default as identity, estado boolean, fecha_ingreso timestamp not null, fecha_salida timestamp, valor_total float, id_vehiculo bigint not null, primary key (id_factura))
Hibernate: create table tipo_vehiculo (tipo_vehiculo_id bigint generated by default as identity, descripcion varchar(255) not null, primary key (tipo_vehiculo_id))
Hibernate: create table vehiculo (id_vehiculo bigint not null, cilindraje integer not null, fecha_creacion timestamp, placa varchar(255) not null, tipo_vehiculo_id bigint not null, primary key (id_vehiculo))
Hibernate: create table vehiculos_activos (id bigint generated by default as identity, descripcion varchar(255) not null, fecha_ingreso varchar(255) not null, placa varchar(255) not null, primary key (id))
Hibernate: alter table factura add constraint FKsq7nl7sg0nftm8k40ncdhrarm foreign key (id_vehiculo) references vehiculo
Hibernate: alter table vehiculo add constraint FK8si429jg12xpnu65gsn2a1r44 foreign key (tipo_vehiculo_id) references tipo_vehiculo
2019-07-18 10:21:44.289  INFO 15428 --- [    Test worker] o.h.t.schema.internal.SchemaCreatorImpl  : HHH000476: Executing import script 'ScriptSourceInputFromUrl(file:/C:/Users/robert.carvajal/Documents/Robert/Parking/build/resources/main/import.sql)'
Hibernate: INSERT INTO TIPO_VEHICULO(TIPO_VEHICULO_ID, DESCRIPCION)VALUES(1, 'CARRO')
Hibernate: INSERT INTO TIPO_VEHICULO(TIPO_VEHICULO_ID, DESCRIPCION)VALUES(2, 'MOTO')
2019-07-18 10:21:44.304  INFO 15428 --- [    Test worker] j.LocalContainerEntityManagerFactoryBean : Initialized JPA EntityManagerFactory for persistence unit 'default'
2019-07-18 10:21:45.697  INFO 15428 --- [    Test worker] o.h.h.i.QueryTranslatorFactoryInitiator  : HHH000397: Using ASTQueryTranslatorFactory
2019-07-18 10:21:48.651  INFO 15428 --- [    Test worker] o.s.s.concurrent.ThreadPoolTaskExecutor  : Initializing ExecutorService 'applicationTaskExecutor'
2019-07-18 10:21:48.923  WARN 15428 --- [    Test worker] aWebConfiguration$JpaWebMvcConfiguration : spring.jpa.open-in-view is enabled by default. Therefore, database queries may be performed during view rendering. Explicitly configure spring.jpa.open-in-view to disable this warning
2019-07-18 10:21:50.206  INFO 15428 --- [    Test worker] o.s.b.t.m.w.SpringBootMockServletContext : Initializing Spring TestDispatcherServlet ''
2019-07-18 10:21:50.207  INFO 15428 --- [    Test worker] o.s.t.web.servlet.TestDispatcherServlet  : Initializing Servlet ''
2019-07-18 10:21:50.244  INFO 15428 --- [    Test worker] o.s.t.web.servlet.TestDispatcherServlet  : Completed initialization in 35 ms
2019-07-18 10:21:50.312  INFO 15428 --- [    Test worker] c.c.P.i.VehiculoControladorTest          : Started VehiculoControladorTest in 17.124 seconds (JVM running for 21.24)
2019-07-18 10:21:50.511  INFO 15428 --- [    Test worker] o.s.b.t.m.w.SpringBootMockServletContext : Initializing Spring TestDispatcherServlet ''
2019-07-18 10:21:50.512  INFO 15428 --- [    Test worker] o.s.t.web.servlet.TestDispatcherServlet  : Initializing Servlet ''
2019-07-18 10:21:50.522  INFO 15428 --- [    Test worker] o.s.t.web.servlet.TestDispatcherServlet  : Completed initialization in 9 ms
Hibernate: select vehiculoen0_.id_vehiculo as id_vehic1_2_, vehiculoen0_.cilindraje as cilindra2_2_, vehiculoen0_.fecha_creacion as fecha_cr3_2_, vehiculoen0_.placa as placa4_2_, vehiculoen0_.tipo_vehiculo_id as tipo_veh5_2_ from vehiculo vehiculoen0_ where vehiculoen0_.tipo_vehiculo_id=?
Hibernate: select vehiculoen0_.id_vehiculo as id_vehic1_2_, vehiculoen0_.cilindraje as cilindra2_2_, vehiculoen0_.fecha_creacion as fecha_cr3_2_, vehiculoen0_.placa as placa4_2_, vehiculoen0_.tipo_vehiculo_id as tipo_veh5_2_ from vehiculo vehiculoen0_ where vehiculoen0_.placa=?
Hibernate: select tipovehicu0_.tipo_vehiculo_id as tipo_veh1_1_, tipovehicu0_.descripcion as descripc2_1_ from tipo_vehiculo tipovehicu0_ where upper(tipovehicu0_.descripcion)=upper(?)
Hibernate: select vehiculoen0_.id_vehiculo as id_vehic1_2_0_, vehiculoen0_.cilindraje as cilindra2_2_0_, vehiculoen0_.fecha_creacion as fecha_cr3_2_0_, vehiculoen0_.placa as placa4_2_0_, vehiculoen0_.tipo_vehiculo_id as tipo_veh5_2_0_ from vehiculo vehiculoen0_ where vehiculoen0_.id_vehiculo=?
Hibernate: call next value for hibernate_sequence
Hibernate: insert into vehiculo (cilindraje, fecha_creacion, placa, tipo_vehiculo_id, id_vehiculo) values (?, ?, ?, ?, ?)
Hibernate: insert into factura (id_factura, estado, fecha_ingreso, fecha_salida, valor_total, id_vehiculo) values (null, ?, ?, ?, ?, ?)
2019-07-18 10:21:51.620  INFO 15428 --- [    Test worker] o.s.b.t.m.w.SpringBootMockServletContext : Initializing Spring TestDispatcherServlet ''
2019-07-18 10:21:51.620  INFO 15428 --- [    Test worker] o.s.t.web.servlet.TestDispatcherServlet  : Initializing Servlet ''
2019-07-18 10:21:51.623  INFO 15428 --- [    Test worker] o.s.t.web.servlet.TestDispatcherServlet  : Completed initialization in 3 ms
Hibernate: SELECT  v.placa as placa,to_char(f.fecha_Ingreso) as fechaIngreso, t.descripcion as descripcion  FROM vehiculo v, factura f, tipo_Vehiculo t where f.id_vehiculo = v.id_vehiculo and t.tipo_vehiculo_id = v.tipo_vehiculo_id and f.estado = TRUE
]]></system-out>
  <system-err><![CDATA[]]></system-err>
</testsuite>
